<?xml version="1.0" encoding="UTF-8"?>
<!-- Generated by org.testng.reporters.JUnitReportReporter -->
<testsuite hostname="Danish" failures="0" tests="1" name="luxeregister.LoginPOILister" time="0.000" errors="0" timestamp="2020-04-22T21:54:16 IST" skipped="1">
  <testcase classname="luxeregister.LoginPOILister" name="logintest" time="0.000">
    <skipped/>
  </testcase> <!-- logintest -->
  <system-out/>
</testsuite> <!-- luxeregister.LoginPOILister -->
