<?xml version="1.0" encoding="UTF-8"?>
<!-- Generated by org.testng.reporters.JUnitReportReporter -->
<testsuite hostname="DESKTOP-2SMSVUO" failures="0" tests="3" name="test.shawafts" time="2.653" errors="0" timestamp="2021-03-17T16:33:53 IST" skipped="0">
  <testcase classname="test.shawafts" name="test1" time="0.248"/>
  <system-out/>
  <testcase classname="test.shawafts" name="test2" time="2.185"/>
  <system-out/>
  <testcase classname="test.shawafts" name="test3" time="0.220"/>
  <system-out/>
</testsuite> <!-- test.shawafts -->
