<?xml version="1.0" encoding="UTF-8"?>
<!-- Generated by org.testng.reporters.JUnitReportReporter -->
<testsuite hostname="Danish" failures="0" tests="1" name="luxeregister.LoginExecl" time="91.418" errors="0" timestamp="2020-04-19T18:11:00 IST" skipped="0">
  <testcase classname="luxeregister.LoginExecl" name="ReadData" time="91.418"/>
  <system-out/>
</testsuite> <!-- luxeregister.LoginExecl -->
