<?xml version="1.0" encoding="UTF-8"?>
<!-- Generated by org.testng.reporters.JUnitReportReporter -->
<testsuite hostname="Danish" failures="0" tests="1" name="luxeregister.MultiloginDataProvider" time="0.000" errors="0" timestamp="2020-04-22T18:04:10 IST" skipped="1">
  <testcase classname="luxeregister.MultiloginDataProvider" name="multilogindataprovider" time="0.000">
    <skipped/>
  </testcase> <!-- multilogindataprovider -->
  <system-out/>
</testsuite> <!-- luxeregister.MultiloginDataProvider -->
