<?xml version="1.0" encoding="UTF-8"?>
<!-- Generated by org.testng.reporters.JUnitReportReporter -->
<testsuite hostname="DESKTOP-SELISVK" failures="0" tests="1" name="newcms.newcms_base" time="12.415" errors="0" timestamp="2020-02-24T16:54:29 IST" skipped="0">
  <testcase classname="newcms.newcms_base" name="openBrowser" time="12.415"/>
  <system-out/>
</testsuite> <!-- newcms.newcms_base -->
