<?xml version="1.0" encoding="UTF-8"?>
<!-- Generated by org.testng.reporters.JUnitReportReporter -->
<testsuite hostname="DESKTOP-2SMSVUO" failures="0" tests="1" name="luxeregister.LinkCountTest" time="17.886" errors="0" timestamp="2021-02-10T17:30:06 IST" skipped="0">
  <testcase classname="luxeregister.LinkCountTest" name="operation" time="17.886"/>
  <system-out/>
</testsuite> <!-- luxeregister.LinkCountTest -->
