<?xml version="1.0" encoding="UTF-8"?>
<!-- Generated by org.testng.reporters.JUnitReportReporter -->
<testsuite hostname="DESKTOP-2SMSVUO" failures="0" tests="1" name="Demo2" time="49.547" errors="0" timestamp="2021-03-17T11:54:46 IST" skipped="0">
  <testcase classname="Demo2" name="homepage" time="49.547"/>
  <system-out/>
</testsuite> <!-- Demo2 -->
