<?xml version="1.0" encoding="UTF-8"?>
<!-- Generated by org.testng.reporters.JUnitReportReporter -->
<testsuite hostname="Danish" failures="0" tests="1" name="luxeregister.LinkCountTest" time="42.525" errors="0" timestamp="2020-04-22T16:31:21 IST" skipped="0">
  <testcase classname="luxeregister.LinkCountTest" name="operation" time="42.525"/>
  <system-out/>
</testsuite> <!-- luxeregister.LinkCountTest -->
