<?xml version="1.0" encoding="UTF-8"?>
<!-- Generated by org.testng.reporters.JUnitReportReporter -->
<testsuite hostname="Danish" failures="0" tests="1" name="luxeregister.login" time="19.665" errors="0" timestamp="2020-04-19T17:48:54 IST" skipped="0">
  <testcase classname="luxeregister.login" name="login" time="19.665"/>
  <system-out/>
</testsuite> <!-- luxeregister.login -->
