<?xml version="1.0" encoding="UTF-8"?>
<!-- Generated by org.testng.reporters.JUnitReportReporter -->
<testsuite hostname="Danish" failures="0" tests="3" name="practice.Dropdown" time="51.123" errors="0" timestamp="2021-03-17T14:48:00 IST" skipped="2">
  <testcase classname="practice.Dropdown" name="JsDropdown" time="51.123"/>
  <system-out/>
  <testcase classname="practice.Dropdown" name="dropdown2">
    <skipped/>
  </testcase> <!-- dropdown2 -->
  <system-out/>
  <testcase classname="practice.Dropdown" name="dropdown1">
    <skipped/>
  </testcase> <!-- dropdown1 -->
  <system-out/>
</testsuite> <!-- practice.Dropdown -->
