<?xml version="1.0" encoding="UTF-8"?>
<!-- Generated by org.testng.reporters.JUnitReportReporter -->
<testsuite hostname="DESKTOP-2SMSVUO" failures="0" tests="1" name="practice.SimplePattern" time="0.014" errors="0" timestamp="2021-03-16T17:06:19 IST" skipped="0">
  <testcase classname="practice.SimplePattern" name="Pattern2" time="0.014"/>
  <system-out/>
</testsuite> <!-- practice.SimplePattern -->
