<?xml version="1.0" encoding="UTF-8"?>
<!-- Generated by org.testng.reporters.JUnitReportReporter -->
<testsuite hostname="Danish" failures="0" tests="1" name="luxeregister.MultiLoginExecl" time="75.091" errors="0" timestamp="2020-04-22T09:03:34 IST" skipped="0">
  <testcase classname="luxeregister.MultiLoginExecl" name="ReadData" time="75.091"/>
  <system-out/>
</testsuite> <!-- luxeregister.MultiLoginExecl -->
