<?xml version="1.0" encoding="UTF-8"?>
<!-- Generated by org.testng.reporters.JUnitReportReporter -->
<testsuite hostname="DESKTOP-SELISVK" failures="0" tests="1" name="newcms.newcms_base" time="8.602" errors="0" timestamp="2020-02-24T16:44:58 IST" skipped="0">
  <testcase classname="newcms.newcms_base" name="openBrowser" time="8.602"/>
  <system-out/>
</testsuite> <!-- newcms.newcms_base -->
