<?xml version="1.0" encoding="UTF-8"?>
<!-- Generated by org.testng.reporters.JUnitReportReporter -->
<testsuite hostname="DESKTOP-2SMSVUO" failures="0" tests="2" name="practice.CountWords" time="0.013" errors="0" timestamp="2021-03-16T15:07:20 IST" skipped="1">
  <testcase classname="practice.CountWords" name="wordcount2" time="0.013"/>
  <system-out/>
  <testcase classname="practice.CountWords" name="wordcount">
    <skipped/>
  </testcase> <!-- wordcount -->
  <system-out/>
</testsuite> <!-- practice.CountWords -->
