<?xml version="1.0" encoding="UTF-8"?>
<!-- Generated by org.testng.reporters.JUnitReportReporter -->
<testsuite hostname="Danish" failures="0" tests="1" name="luxeregister.roughclass" time="0.638" errors="0" timestamp="2020-04-22T21:42:59 IST" skipped="0">
  <testcase classname="luxeregister.roughclass" name="testdatapro" time="0.638"/>
  <system-out/>
</testsuite> <!-- luxeregister.roughclass -->
